\BOOKMARK [0][-]{section*.1}{\376\377\134\001\227\142}{}% 1
\BOOKMARK [0][-]{section*.2}{Cover}{}% 2
\BOOKMARK [0][-]{section*.3}{\376\377\130\360\146\016}{}% 3
\BOOKMARK [0][-]{section*.5}{\376\377\144\130\000\040\211\201}{}% 4
\BOOKMARK [0][-]{section*.7}{Abstract}{}% 5
\BOOKMARK [0][-]{section*.8}{\376\377\166\356\000\040\137\125}{}% 6
\BOOKMARK [0][-]{section*.10}{\376\377\126\376\137\142\122\027\210\150}{}% 7
\BOOKMARK [0][-]{section*.12}{\376\377\210\150\150\074\122\027\210\150}{}% 8
\BOOKMARK [0][-]{section*.15}{\376\377\173\046\123\367\122\027\210\150}{}% 9
\BOOKMARK [0][-]{chapter.1}{\376\377\173\054\0001\172\340\000\040\176\352\213\272}{}% 10
\BOOKMARK [1][-]{section.1.1}{\376\377\0001\000.\0001\000\040\137\123\116\343\213\241\173\227\211\306\211\311\173\227\154\325\166\204\136\224\165\050\127\072\146\157}{chapter.1}% 11
\BOOKMARK [1][-]{section.1.2}{\376\377\0001\000.\0002\000\040\213\241\173\227\147\072\211\306\211\311\173\227\154\325\135\345\116\032\123\026\220\350\177\162\166\204\162\171\160\271\116\016\143\021\142\030}{chapter.1}% 12
\BOOKMARK [2][-]{subsection.1.2.1}{\376\377\0001\000.\0002\000.\0001\000\040\213\241\173\227\147\072\211\306\211\311\173\227\154\325\152\041\127\213\166\204\165\037\116\247\217\307\172\013}{section.1.2}% 13
\BOOKMARK [2][-]{subsection.1.2.2}{\376\377\0001\000.\0002\000.\0002\000\040\213\241\173\227\147\072\211\306\211\311\173\227\154\325\220\350\177\162\166\204\133\236\163\260\116\016\143\021\142\030}{section.1.2}% 14
\BOOKMARK [2][-]{subsection.1.2.3}{\376\377\0001\000.\0002\000.\0003\000\040\213\241\173\227\147\072\211\306\211\311\173\227\154\325\152\041\127\213\166\204\220\350\177\162\131\026\163\257\130\203}{section.1.2}% 15
\BOOKMARK [1][-]{section.1.3}{\376\377\0001\000.\0003\000\040\213\241\173\227\147\072\173\227\154\325\136\366\217\337\166\321\155\113\166\204\141\017\116\111}{chapter.1}% 16
\BOOKMARK [1][-]{section.1.4}{\376\377\0001\000.\0004\000\040\163\260\147\011\213\241\173\227\147\072\211\306\211\311\173\227\154\325\136\366\217\337\211\302\155\113\166\204\116\000\202\054\145\271\154\325\116\016\116\015\215\263}{chapter.1}% 17
\BOOKMARK [2][-]{subsection.1.4.1}{\376\377\0001\000.\0004\000.\0001\000\040\136\366\217\337\116\213\116\366\211\302\155\113}{section.1.4}% 18
\BOOKMARK [2][-]{subsection.1.4.2}{\376\377\0001\000.\0004\000.\0002\000\040\136\366\217\337\145\345\137\327\213\260\137\125}{section.1.4}% 19
\BOOKMARK [1][-]{section.1.5}{\376\377\0001\000.\0005\000\040\213\272\145\207\170\024\172\166\121\205\133\271\124\214\122\033\145\260\160\271}{chapter.1}% 20
\BOOKMARK [2][-]{subsection.1.5.1}{\376\377\0001\000.\0005\000.\0001\000\040\213\272\145\207\170\024\172\166\166\204\121\372\123\321\160\271}{section.1.5}% 21
\BOOKMARK [2][-]{subsection.1.5.2}{\376\377\0001\000.\0005\000.\0002\000\040\213\272\145\207\166\204\116\073\211\201\121\205\133\271}{section.1.5}% 22
\BOOKMARK [2][-]{subsection.1.5.3}{\376\377\0001\000.\0005\000.\0003\000\040\213\272\145\207\166\204\122\033\145\260\160\271}{section.1.5}% 23
\BOOKMARK [2][-]{subsection.1.5.4}{\376\377\0001\000.\0005\000.\0004\000\040\213\272\145\207\176\304\176\307\176\323\147\204}{section.1.5}% 24
\BOOKMARK [0][-]{chapter.2}{\376\377\173\054\0002\172\340\000\040\213\241\173\227\147\072\211\306\211\311\173\227\154\325\166\204\136\366\217\337\211\302\155\113}{}% 25
\BOOKMARK [1][-]{section.2.1}{\376\377\0002\000.\0001\000\040\213\241\173\227\147\072\211\306\211\311\173\227\154\325\166\204\217\320\210\114\145\366\136\366}{chapter.2}% 26
\BOOKMARK [2][-]{subsection.2.1.1}{\376\377\0002\000.\0001\000.\0001\000\040\127\372\116\216\213\241\173\227\126\376\166\204\152\041\127\127\142\275\214\141}{section.2.1}% 27
\BOOKMARK [2][-]{subsection.2.1.2}{\376\377\0002\000.\0001\000.\0002\000\040\213\241\173\227\147\072\211\306\211\311\173\227\154\325\166\204\220\350\177\162\136\366\217\337\155\113\221\317}{section.2.1}% 28
\BOOKMARK [1][-]{section.2.2}{\376\377\0002\000.\0002\000\040\213\241\173\227\147\072\173\227\154\325\166\204\136\366\217\337\211\302\155\113\141\017\116\111}{chapter.2}% 29
\BOOKMARK [2][-]{subsection.2.2.1}{\376\377\0002\000.\0002\000.\0001\000\040\213\241\173\227\126\376\214\003\136\246\123\302\200\003}{section.2.2}% 30
\BOOKMARK [2][-]{subsection.2.2.2}{\376\377\0002\000.\0002\000.\0002\000\040\117\030\123\026\123\302\145\160\213\276\177\156}{section.2.2}% 31
\BOOKMARK [2][-]{subsection.2.2.3}{\376\377\0002\000.\0002\000.\0003\000\040\116\213\124\016\217\375\216\052\123\302\200\003}{section.2.2}% 32
\BOOKMARK [1][-]{section.2.3}{\376\377\0002\000.\0003\000\040\147\054\172\340\140\073\176\323}{chapter.2}% 33
\BOOKMARK [0][-]{chapter.3}{\376\377\173\054\0003\172\340\000\040\201\364\214\042}{}% 34
\BOOKMARK [0][-]{section*.43}{\376\377\123\302\200\003\145\207\163\056}{}% 35
\BOOKMARK [0][-]{chapter.4}{\376\377\173\054\0004\172\340\000\040\117\134\200\005\173\200\123\206\123\312\145\073\213\373\133\146\117\115\147\037\225\364\123\321\210\150\166\204\133\146\147\057\213\272\145\207\116\016\170\024\172\166\142\020\147\234}{}% 36
