\BOOKMARK [0][-]{section*.1}{\376\377\134\001\227\142}{}% 1
\BOOKMARK [0][-]{section*.2}{Cover}{}% 2
\BOOKMARK [0][-]{section*.3}{\376\377\130\360\146\016}{}% 3
\BOOKMARK [0][-]{section*.5}{\376\377\144\130\000\040\211\201}{}% 4
\BOOKMARK [0][-]{section*.7}{Abstract}{}% 5
\BOOKMARK [0][-]{section*.8}{\376\377\166\356\000\040\137\125}{}% 6
\BOOKMARK [0][-]{section*.10}{\376\377\126\376\137\142\122\027\210\150}{}% 7
\BOOKMARK [0][-]{section*.12}{\376\377\210\150\150\074\122\027\210\150}{}% 8
\BOOKMARK [0][-]{section*.15}{\376\377\173\046\123\367\122\027\210\150}{}% 9
\BOOKMARK [0][-]{chapter.1}{\376\377\173\054\0001\172\340\000\040\176\352\213\272}{}% 10
\BOOKMARK [1][-]{section.1.1}{\376\377\0001\000.\0001\000\040\137\123\116\343\213\241\173\227\211\306\211\311\173\227\154\325\166\204\136\224\165\050\127\072\146\157}{chapter.1}% 11
\BOOKMARK [1][-]{section.1.2}{\376\377\0001\000.\0002\000\040\213\241\173\227\147\072\211\306\211\311\173\227\154\325\135\345\116\032\123\026\220\350\177\162\166\204\162\171\160\271\116\016\143\021\142\030}{chapter.1}% 12
\BOOKMARK [2][-]{subsection.1.2.1}{\376\377\0001\000.\0002\000.\0001\000\040\213\241\173\227\147\072\211\306\211\311\173\227\154\325\152\041\127\213\166\204\165\037\116\247\217\307\172\013}{section.1.2}% 13
\BOOKMARK [2][-]{subsection.1.2.2}{\376\377\0001\000.\0002\000.\0002\000\040\213\241\173\227\147\072\211\306\211\311\173\227\154\325\220\350\177\162\166\204\133\236\163\260\116\016\143\021\142\030}{section.1.2}% 14
\BOOKMARK [2][-]{subsection.1.2.3}{\376\377\0001\000.\0002\000.\0003\000\040\213\241\173\227\147\072\211\306\211\311\173\227\154\325\166\204\220\350\177\162\131\026\163\257\130\203}{section.1.2}% 15
\BOOKMARK [1][-]{section.1.3}{\376\377\0001\000.\0003\000\040\213\241\173\227\147\072\211\306\211\311\173\227\154\325\136\366\217\337\211\302\155\113\166\204\221\315\211\201\140\047}{chapter.1}% 16
\BOOKMARK [1][-]{section.1.4}{\376\377\0001\000.\0004\000\040\213\241\173\227\147\072\211\306\211\311\173\227\154\325\136\366\217\337\211\302\155\113\166\204\116\000\202\054\145\271\154\325\116\016\116\015\215\263}{chapter.1}% 17
\BOOKMARK [2][-]{subsection.1.4.1}{\376\377\0001\000.\0004\000.\0001\000\040\136\366\217\337\116\213\116\366\211\302\155\113}{section.1.4}% 18
\BOOKMARK [2][-]{subsection.1.4.2}{\376\377\0001\000.\0004\000.\0002\000\040\136\366\217\337\145\345\137\327\213\260\137\125}{section.1.4}% 19
\BOOKMARK [1][-]{section.1.5}{\376\377\0001\000.\0005\000\040\213\272\145\207\170\024\172\166\121\205\133\271\124\214\122\033\145\260\160\271}{chapter.1}% 20
\BOOKMARK [2][-]{subsection.1.5.1}{\376\377\0001\000.\0005\000.\0001\000\040\213\272\145\207\170\024\172\166\166\204\121\372\123\321\160\271}{section.1.5}% 21
\BOOKMARK [2][-]{subsection.1.5.2}{\376\377\0001\000.\0005\000.\0002\000\040\213\272\145\207\166\204\116\073\211\201\121\205\133\271}{section.1.5}% 22
\BOOKMARK [2][-]{subsection.1.5.3}{\376\377\0001\000.\0005\000.\0003\000\040\213\272\145\207\166\204\122\033\145\260\160\271}{section.1.5}% 23
\BOOKMARK [2][-]{subsection.1.5.4}{\376\377\0001\000.\0005\000.\0004\000\040\213\272\145\207\176\304\176\307\176\323\147\204}{section.1.5}% 24
\BOOKMARK [0][-]{chapter.2}{\376\377\173\054\0002\172\340\000\040\213\241\173\227\147\072\211\306\211\311\173\227\154\325\166\204\136\366\217\337\211\302\155\113}{}% 25
\BOOKMARK [1][-]{section.2.1}{\376\377\0002\000.\0001\000\040\213\241\173\227\147\072\211\306\211\311\173\227\154\325\166\204\217\320\210\114\145\366\136\366}{chapter.2}% 26
\BOOKMARK [2][-]{subsection.2.1.1}{\376\377\0002\000.\0001\000.\0001\000\040\127\372\116\216\213\241\173\227\126\376\166\204\152\041\127\127\142\275\214\141}{section.2.1}% 27
\BOOKMARK [2][-]{subsection.2.1.2}{\376\377\0002\000.\0001\000.\0002\000\040\213\241\173\227\147\072\211\306\211\311\173\227\154\325\166\204\220\350\177\162\136\366\217\337\155\113\221\317}{section.2.1}% 28
\BOOKMARK [1][-]{section.2.2}{\376\377\0002\000.\0002\000\040\213\241\173\227\147\072\211\306\211\311\173\227\154\325\166\204\136\366\217\337\211\302\155\113\141\017\116\111}{chapter.2}% 29
\BOOKMARK [2][-]{subsection.2.2.1}{\376\377\0002\000.\0002\000.\0001\000\040\213\241\173\227\126\376\214\003\136\246\123\302\200\003}{section.2.2}% 30
\BOOKMARK [2][-]{subsection.2.2.2}{\376\377\0002\000.\0002\000.\0002\000\040\117\030\123\026\123\302\145\160\213\276\177\156}{section.2.2}% 31
\BOOKMARK [2][-]{subsection.2.2.3}{\376\377\0002\000.\0002\000.\0003\000\040\116\213\124\016\217\375\216\052\123\302\200\003}{section.2.2}% 32
\BOOKMARK [1][-]{section.2.3}{\376\377\0002\000.\0003\000\040\147\054\172\340\140\073\176\323}{chapter.2}% 33
\BOOKMARK [0][-]{chapter.3}{\376\377\173\054\0003\172\340\000\040\217\173\221\317\176\247\211\306\211\311\173\227\154\325\220\350\177\162\136\366\217\337\211\302\155\113\174\373\176\337\133\236\163\260}{}% 34
\BOOKMARK [1][-]{section.3.1}{\376\377\0003\000.\0001\000\040\136\366\217\337\211\302\155\113\116\213\116\366\147\204\220\040}{chapter.3}% 35
\BOOKMARK [2][-]{subsection.3.1.1}{\376\377\0003\000.\0001\000.\0001\000\040\122\250\140\001\217\375\216\052\142\200\147\057\151\202\217\360}{section.3.1}% 36
\BOOKMARK [2][-]{subsection.3.1.2}{\376\377\0003\000.\0001\000.\0002\000\040\127\372\116\216\226\066\153\265\166\204\136\366\217\337\220\011\142\351\122\237\200\375\133\236\163\260}{section.3.1}% 37
\BOOKMARK [1][-]{section.3.2}{\376\377\0003\000.\0002\000\040\136\366\217\337\211\302\155\113\116\213\116\366\166\204\117\341\140\157\203\267\123\326}{chapter.3}% 38
\BOOKMARK [1][-]{section.3.3}{\376\377\0003\000.\0003\000\040\127\372\116\216\121\103\145\160\143\156\166\204\211\302\155\113\176\364\136\246\142\323\134\125}{chapter.3}% 39
\BOOKMARK [1][-]{section.3.4}{\376\377\0003\000.\0004\000\040\136\366\217\337\211\302\155\113\117\341\140\157\166\204\145\345\137\327\165\037\142\020}{chapter.3}% 40
\BOOKMARK [2][-]{subsection.3.4.1}{\376\377\0003\000.\0004\000.\0001\000\040\136\366\217\337\211\302\155\113\117\341\140\157\166\204\165\050\142\067\140\001\143\320\116\244}{section.3.4}% 41
\BOOKMARK [2][-]{subsection.3.4.2}{\376\377\0003\000.\0004\000.\0002\000\040\224\210\133\371\136\366\217\337\117\341\140\157\162\171\160\271\166\204\116\214\217\333\122\066\150\074\137\017\165\037\142\020}{section.3.4}% 42
\BOOKMARK [1][-]{section.3.5}{\376\377\0003\000.\0005\000\040\136\366\217\337\145\345\137\327\117\341\140\157\121\231\121\145}{chapter.3}% 43
\BOOKMARK [2][-]{subsection.3.5.1}{\376\377\0003\000.\0005\000.\0001\000\040\127\372\116\216\000I\000O\000-\000U\000R\000I\000N\000G\166\204\137\002\153\145\121\231\121\145}{section.3.5}% 44
\BOOKMARK [2][-]{subsection.3.5.2}{\376\377\0003\000.\0005\000.\0002\000\040\136\366\217\337\145\345\137\327\166\204\122\115\177\156\217\307\156\344}{section.3.5}% 45
\BOOKMARK [1][-]{section.3.6}{\376\377\0003\000.\0006\000\040\147\054\172\340\134\017\176\323}{chapter.3}% 46
\BOOKMARK [0][-]{chapter.4}{\376\377\173\054\0004\172\340\000\040\217\271\177\030\213\241\173\227\127\072\146\157\116\013\166\204\136\366\217\337\211\302\155\113\133\236\215\365}{}% 47
\BOOKMARK [1][-]{section.4.1}{\376\377\0004\000.\0001\000\040\116\244\220\032\116\373\122\241\116\013\166\204\217\271\177\030\213\241\173\227\127\072\146\157}{chapter.4}% 48
\BOOKMARK [1][-]{section.4.2}{\376\377\0004\000.\0002\000\040\133\236\232\214\217\157\170\154\116\366}{chapter.4}% 49
\BOOKMARK [2][-]{subsection.4.2.1}{\376\377\0004\000.\0002\000.\0001\000\040\117\341\123\367\147\145\156\220}{section.4.2}% 50
\BOOKMARK [2][-]{subsection.4.2.2}{\376\377\0004\000.\0002\000.\0002\000\040\220\350\177\162\137\000\123\321\147\177\123\302\145\160}{section.4.2}% 51
\BOOKMARK [1][-]{section.4.3}{\376\377\0004\000.\0003\000\040\133\236\232\214\213\241\173\227\126\376\210\150\217\276}{chapter.4}% 52
\BOOKMARK [2][-]{subsection.4.3.1}{4.3.1\040Taskflow}{section.4.3}% 53
\BOOKMARK [2][-]{subsection.4.3.2}{\376\377\0004\000.\0003\000.\0002\000\040\173\200\123\125\166\204\152\041\127\127\134\001\210\305}{section.4.3}% 54
\BOOKMARK [1][-]{section.4.4}{\376\377\0004\000.\0004\000\040\136\366\217\337\211\302\155\113\166\204\121\167\117\123\145\271\137\017}{chapter.4}% 55
\BOOKMARK [2][-]{subsection.4.4.1}{\376\377\0004\000.\0004\000.\0001\000\040\136\366\217\337\226\066\153\265\122\022\122\006}{section.4.4}% 56
\BOOKMARK [2][-]{subsection.4.4.2}{\376\377\0004\000.\0004\000.\0002\000\040\211\302\155\113\176\323\147\234\220\011\142\351}{section.4.4}% 57
\BOOKMARK [1][-]{section.4.5}{\376\377\0004\000.\0005\000\040\122\051\165\050\211\302\155\113\176\323\147\234\143\007\133\374\117\030\123\026}{chapter.4}% 58
\BOOKMARK [2][-]{subsection.4.5.1}{\376\377\0004\000.\0005\000.\0001\000\040\211\302\155\113\213\276\131\007\166\204\170\154\116\366\215\037\217\175}{section.4.5}% 59
\BOOKMARK [2][-]{subsection.4.5.2}{\376\377\0004\000.\0005\000.\0002\000\040\147\345\142\176\140\047\200\375\164\366\230\210}{section.4.5}% 60
\BOOKMARK [2][-]{subsection.4.5.3}{\376\377\0004\000.\0005\000.\0003\000\040\137\353\220\037\133\371\153\324\221\317\123\026\152\041\127\213\146\377\143\142\124\016\136\366\217\337}{section.4.5}% 61
\BOOKMARK [2][-]{subsection.4.5.4}{\376\377\0004\000.\0005\000.\0004\000\040\117\177\165\050\122\115\177\156\217\307\156\344\213\304\117\060\136\366\217\337\166\204\172\063\133\232\140\047}{section.4.5}% 62
\BOOKMARK [1][-]{section.4.6}{\376\377\0004\000.\0006\000\040\147\054\172\340\134\017\176\323}{chapter.4}% 63
\BOOKMARK [0][-]{chapter.5}{\376\377\173\054\0005\172\340\000\040\140\073\176\323\116\016\134\125\147\033}{}% 64
\BOOKMARK [1][-]{section.5.1}{\376\377\0005\000.\0001\000\040\147\054\145\207\140\073\176\323}{chapter.5}% 65
\BOOKMARK [1][-]{section.5.2}{\376\377\0005\000.\0002\000\040\116\013\116\000\153\145\166\204\135\345\117\134\134\125\147\033}{chapter.5}% 66
\BOOKMARK [0][-]{section*.103}{\376\377\123\302\200\003\145\207\163\056}{}% 67
\BOOKMARK [0][-]{chapter*.105}{\376\377\201\364\214\042}{}% 68
\BOOKMARK [0][-]{chapter*.106}{\376\377\117\134\200\005\173\200\123\206\123\312\145\073\213\373\133\146\117\115\147\037\225\364\123\321\210\150\166\204\133\146\147\057\213\272\145\207\116\016\170\024\172\166\142\020\147\234}{}% 69
